{"name": "test_vwologin_fail", "status": "failed", "statusDetails": {"message": "AssertionError: assert 'Dashboard2' in 'Dashboard'\n +  where 'Dashboard' = <selenium.webdriver.chrome.webdriver.WebDriver (session=\"9d10e49b4e9dc7e969f354aa5e8b2d84\")>.title", "trace": "self = <tests.vwoLoginTests.test_vwologin_pf.TestVWOLogin object at 0x110aca610>\nsetup = <selenium.webdriver.chrome.webdriver.WebDriver (session=\"9d10e49b4e9dc7e969f354aa5e8b2d84\")>\n\n    @pytest.mark.usefixtures(\"setup\")\n    def test_vwologin_fail(self, setup):\n        driver = setup\n        loginPage = LoginPage(driver)\n        loginPage.login_to_vwo(\"contact+augg@thetestingacademy.com\", \"Wingify@123\")\n        time.sleep(5)\n>       assert \"Dashboard2\" in driver.title\nE       assert 'Dashboard2' in 'Dashboard'\nE        +  where 'Dashboard' = <selenium.webdriver.chrome.webdriver.WebDriver (session=\"9d10e49b4e9dc7e969f354aa5e8b2d84\")>.title\n\ntest_vwologin_pf.py:24: AssertionError"}, "start": 1693221009663, "stop": 1693221015334, "uuid": "cc1bdf45-50e0-486f-b3ab-59254ceaf579", "historyId": "f680de9359909d7ab8d92601e92197a8", "testCaseId": "f680de9359909d7ab8d92601e92197a8", "fullName": "tests.vwoLoginTests.test_vwologin_pf.TestVWOLogin#test_vwologin_fail", "labels": [{"name": "tag", "value": "@pytest.mark.usefixtures('setup')"}, {"name": "parentSuite", "value": "tests.vwoLoginTests"}, {"name": "suite", "value": "test_vwologin_pf"}, {"name": "subSuite", "value": "TestVWOLogin"}, {"name": "host", "value": "MBP-C02DRR20MD6M"}, {"name": "thread", "value": "6182-MainThread"}, {"name": "framework", "value": "pytest"}, {"name": "language", "value": "cpython3"}, {"name": "package", "value": "tests.vwoLoginTests.test_vwologin_pf"}]}