{"name": "test_vwologin", "status": "failed", "statusDetails": {"message": "AssertionError: assert 'Dashboard' in 'Login - VWO'\n +  where 'Login - VWO' = <selenium.webdriver.chrome.webdriver.WebDriver (session=\"795368b228935f8c28fd9da23285ac76\")>.title", "trace": "self = <tests.vwoLoginTests.test_vwologin.TestVWOLogin object at 0x1082d34d0>\nsetup = <selenium.webdriver.chrome.webdriver.WebDriver (session=\"795368b228935f8c28fd9da23285ac76\")>\n\n    @pytest.mark.usefixtures(\"setup\")\n    def test_vwologin(self, setup):\n        driver = setup\n        loginPage = LoginPage(driver)\n        loginPage.login_to_vwo(self.username, self.password)\n        time.sleep(5)\n>       assert \"Dashboard\" in driver.title\nE       assert 'Dashboard' in 'Login - VWO'\nE        +  where 'Login - VWO' = <selenium.webdriver.chrome.webdriver.WebDriver (session=\"795368b228935f8c28fd9da23285ac76\")>.title\n\ntest_vwologin.py:20: AssertionError"}, "start": 1693360459090, "stop": 1693360464710, "uuid": "92c6c4ac-17a6-4fb8-ae4a-dd19924fc4b2", "historyId": "6838105f2bb931fb2480703d2a7a0935", "testCaseId": "6838105f2bb931fb2480703d2a7a0935", "fullName": "tests.vwoLoginTests.test_vwologin.TestVWOLogin#test_vwologin", "labels": [{"name": "tag", "value": "@pytest.mark.usefixtures('setup')"}, {"name": "parentSuite", "value": "tests.vwoLoginTests"}, {"name": "suite", "value": "test_vwologin"}, {"name": "subSuite", "value": "TestVWOLogin"}, {"name": "host", "value": "MBP-C02DRR20MD6M"}, {"name": "thread", "value": "7121-MainThread"}, {"name": "framework", "value": "pytest"}, {"name": "language", "value": "cpython3"}, {"name": "package", "value": "tests.vwoLoginTests.test_vwologin"}]}